Testing TinyGPS library v. 13
by Mikal Hart

Sats HDOP Latitude  Longitude  Fix  Date       Time     Date Alt    Course Speed Card  Distance Course Card  Chars Sentences Checksum
          (deg)     (deg)      Age                      Age  (m)    --- from GPS ----  ---- to London  ----  RX    RX        Fail
-------------------------------------------------------------------------------------------------------------------------------------
**** **** ********* ********** **** ********** ******** **** ****** ****** ***** ***   *******  ****** ***   42    0         1        
5    319  14.069898 100.608108 257  01/30/2015 04:59:05 287  3.10   0.00   0.13  N     9513     322.17 NW    437   2         5        
6    319  14.069898 100.608108 269  01/30/2015 04:59:06 299  3.20   0.00   0.57  N     9513     322.17 NW    814   4         8        
5    319  14.069898 100.608108 279  01/30/2015 04:59:07 309  3.40   0.00   0.81  N     9513     322.17 NW    1189  6         10       
6    122  14.069897 100.608108 285  01/30/2015 04:59:08 316  3.40   0.00   0.00  N     9513     322.17 NW    1565  8         12       
6    122  14.069898 100.608108 293  01/30/2015 04:59:09 323  3.60   0.00   0.06  N     9513     322.17 NW    1943  10        15       
5    320  14.069897 100.608108 304  01/30/2015 04:59:10 334  3.40   0.00   0.28  N     9513     322.17 NW    2348  12        18       
6    320  14.069896 100.608108 311  01/30/2015 04:59:11 341  3.40   0.00   0.02  N     9513     322.17 NW    2752  14        20       
6    320  14.069895 100.608123 322  01/30/2015 04:59:12 351  3.30   0.00   0.11  N     9513     322.17 NW    3156  16        24       
6    320  14.069894 100.608123 330  01/30/2015 04:59:13 359  3.10   0.00   0.06  N     9513     322.17 NW    3561  18        28       
6    122  14.069898 100.608108 337  01/30/2015 04:59:14 366  3.60   0.00   0.33  N     9513     322.17 NW    3968  20        31       
5    320  14.069898 100.608108 349  01/30/2015 04:59:15 379  3.60   0.00   0.44  N     9513     322.17 NW    4371  22        35       
6    122  14.069893 100.608123 356  01/30/2015 04:59:16 385  2.90   0.00   1.02  N     9513     322.17 NW    4777  24        37       
6    122  14.069893 100.608123 366  01/30/2015 04:59:17 395  2.90   0.00   0.63  N     9513     322.17 NW    5155  26        39       
5    320  14.069892 100.608123 379  01/30/2015 04:59:18 407  2.80   0.00   0.54  N     9513     322.17 NW    5532  28        41       
Waiting for GPS time ... 
11:59:30 30 1 2015
11:59:31 30 1 2015
11:59:32 30 1 2015
11:59:33 30 1 2015
11:59:34 30 1 2015
11:59:35 30 1 2015
11:59:36 30 1 2015
11:59:37 30 1 2015
11:59:38 30 1 2015
11:59:39 30 1 2015
11:59:40 30 1 2015
11:59:41 30 1 2015
11:59:42 30 1 2015
11:59:43 30 1 2015
11:59:44 30 1 2015
11:59:45 30 1 2015
11:59:46 30 1 2015
11:59:47 30 1 2015
11:59:48 30 1 2015
11:59:49 30 1 2015
11:59:50 30 1 2015
